[11/02/2022 01:51:46] Debug: Session id: 652f2cf9-7705-4f82-aabc-23bee28c1038
[11/02/2022 01:51:46] Debug: Code Processor information: Name :SnowConvert, Version: 11.0.39.0
[11/02/2022 01:51:47] Debug: Getting license
[11/02/2022 01:51:47] Debug: License information
	Status: Failed
	Message: No active license available.
[11/02/2022 01:51:47] Info: Starting to validate parameters
[11/02/2022 01:51:47] Info: Parameters to validate: 
	Execution mode: Conversion
	LICENSE_KEY: a3372138-b87e-4a08-b929-3b48b24c63f1
[11/02/2022 01:51:47] Info: Validation of parameters: Success
[11/02/2022 01:51:47] Debug: Getting code descriptor
[11/02/2022 01:51:47] Debug: Code descriptor information
	Units: 51
	Units type: LOC
	All file bytes: 2141
	All found extensions: .sql,.dml,.ddl,.bteq,.btq,.fl,.fload,.ml,.mload,.mld,.tp,.tpump,.tpt
[11/02/2022 01:51:47] Debug: Calculating fingerprint
[11/02/2022 01:51:47] Debug: Fingerprint information Fingerprint(size=2141,projects=1)
[11/02/2022 01:51:47] Info: Starting to try to validate online license for execution
[11/02/2022 01:51:49] Debug: Getting license
[11/02/2022 01:51:49] Debug: License information
	Status: Failed
	Message: No active license available.
[11/02/2022 01:51:49] Debug: Starting the execution of the controller
[11/02/2022 01:51:50] Debug: Executing the worker: SnowConvert
[11/02/2022 01:52:05] Debug: Finished executing the worker: SnowConvert
[11/02/2022 01:52:07] Info: Controller execution ended
